<?xml version="1.0" encoding="UTF-8"?>
<testng-results ignored="0" total="1" passed="1" failed="0" skipped="0">
  <reporter-output>
  </reporter-output>
  <suite started-at="2021-06-03T03:06:12 IST" name="Default suite" finished-at="2021-06-03T03:06:17 IST" duration-ms="5124">
    <groups>
    </groups>
    <test started-at="2021-06-03T03:06:12 IST" name="Default test" finished-at="2021-06-03T03:06:17 IST" duration-ms="5124">
      <class name="com.RmgYantraFramework.Test.UpdateAProject">
        <test-method is-config="true" signature="createdbconn()[pri:0, instance:com.RmgYantraFramework.Test.UpdateAProject@7c0c77c7]" started-at="2021-06-03T03:06:11 IST" name="createdbconn" finished-at="2021-06-03T03:06:12 IST" duration-ms="484" status="PASS">
          <reporter-output>
          </reporter-output>
        </test-method> <!-- createdbconn -->
        <test-method signature="updateaproject()[pri:0, instance:com.RmgYantraFramework.Test.UpdateAProject@7c0c77c7]" started-at="2021-06-03T03:06:12 IST" name="updateaproject" finished-at="2021-06-03T03:06:17 IST" duration-ms="5059" status="PASS">
          <reporter-output>
          </reporter-output>
        </test-method> <!-- updateaproject -->
        <test-method is-config="true" signature="enddbconn()[pri:0, instance:com.RmgYantraFramework.Test.UpdateAProject@7c0c77c7]" started-at="2021-06-03T03:06:17 IST" name="enddbconn" finished-at="2021-06-03T03:06:17 IST" duration-ms="23" status="PASS">
          <reporter-output>
          </reporter-output>
        </test-method> <!-- enddbconn -->
      </class> <!-- com.RmgYantraFramework.Test.UpdateAProject -->
    </test> <!-- Default test -->
  </suite> <!-- Default suite -->
</testng-results>
